<?xml version="1.0" encoding="UTF-8"?>
<testng-results skipped="0" failed="0" ignored="0" total="1" passed="1">
  <reporter-output>
  </reporter-output>
  <suite name="Suite" duration-ms="118" started-at="2020-06-09T10:57:20Z" finished-at="2020-06-09T10:57:20Z">
    <groups>
    </groups>
    <test name="Test" duration-ms="118" started-at="2020-06-09T10:57:20Z" finished-at="2020-06-09T10:57:20Z">
      <class name="demo1.NewTest">
        <test-method status="PASS" signature="f()[pri:0, instance:demo1.NewTest@e2cbe0]" name="f" duration-ms="32" started-at="2020-06-09T16:27:20Z" finished-at="2020-06-09T16:27:20Z">
          <reporter-output>
          </reporter-output>
        </test-method> <!-- f -->
      </class> <!-- demo1.NewTest -->
    </test> <!-- Test -->
  </suite> <!-- Suite -->
</testng-results>
